[2023-10-20T05:36:07.761Z] [INFO] [MerchantConfig93314259] : "************************ LOGGING START ************************"
[2023-10-20T05:36:07.770Z] [INFO] [ApiClient235347269] : "Authentication Type : http_signature"
[2023-10-20T05:36:07.771Z] [INFO] [ApiClient235347269] : "Request Type : POST"
[2023-10-20T05:36:07.771Z] [INFO] [ApiClient235347269] : "signatureHeader : keyid=\"90701d38-c032-4c21-8ff4-0fd847abc7a0\", algorithm=\"HmacSHA256\", headers=\"host date (request-target) digest v-c-merchant-id\", signature=\"FlLbu8TMJUYbBQGr7/JztOWfqQF12P46CqlNy7dSFic=\""
[2023-10-20T05:36:07.771Z] [INFO] [ApiClient235347269] : "digest : SHA-256=5xwsYHEbSFZJuNIx3M0gwBEmAhf2o69MrGJ3H78gKyg="
[2023-10-20T05:36:07.771Z] [INFO] [ApiClient235347269] : "v-c-merchant-id : visanetgt_elespinero"
[2023-10-20T05:36:07.771Z] [INFO] [ApiClient235347269] : "date : Fri, 20 Oct 2023 05:36:07 GMT"
[2023-10-20T05:36:07.772Z] [INFO] [ApiClient235347269] : "host : apitest.cybersource.com"
[2023-10-20T05:36:07.772Z] [INFO] [ApiClient235347269] : "signature : keyid=\"90701d38-c032-4c21-8ff4-0fd847abc7a0\", algorithm=\"HmacSHA256\", headers=\"host date (request-target) digest v-c-merchant-id\", signature=\"FlLbu8TMJUYbBQGr7/JztOWfqQF12P46CqlNy7dSFic=\""
[2023-10-20T05:36:07.772Z] [INFO] [ApiClient235347269] : "User-Agent : Mozilla/5.0"
[2023-10-20T05:36:07.772Z] [INFO] [ApiClient235347269] : "************************  LOGGING END  ************************"
[2023-10-20T05:38:14.602Z] [INFO] [MerchantConfig395853589] : "************************ LOGGING START ************************"
[2023-10-20T05:38:14.606Z] [INFO] [ApiClient312204200] : "Authentication Type : http_signature"
[2023-10-20T05:38:14.607Z] [INFO] [ApiClient312204200] : "Request Type : POST"
[2023-10-20T05:38:14.607Z] [INFO] [ApiClient312204200] : "signatureHeader : keyid=\"90701d38-c032-4c21-8ff4-0fd847abc7a0\", algorithm=\"HmacSHA256\", headers=\"host date (request-target) digest v-c-merchant-id\", signature=\"ueEd/EJhH1JwG7E1Oz40WuHXZYWwwDoFAEu+9yYzhd0=\""
[2023-10-20T05:38:14.607Z] [INFO] [ApiClient312204200] : "digest : SHA-256=MHgoRvm0Ptbj+g2yxVeULUKthNY+VFk5ohHdjXJgFJ8="
[2023-10-20T05:38:14.607Z] [INFO] [ApiClient312204200] : "v-c-merchant-id : visanetgt_elespinero"
[2023-10-20T05:38:14.607Z] [INFO] [ApiClient312204200] : "date : Fri, 20 Oct 2023 05:38:14 GMT"
[2023-10-20T05:38:14.608Z] [INFO] [ApiClient312204200] : "host : apitest.cybersource.com"
[2023-10-20T05:38:14.608Z] [INFO] [ApiClient312204200] : "signature : keyid=\"90701d38-c032-4c21-8ff4-0fd847abc7a0\", algorithm=\"HmacSHA256\", headers=\"host date (request-target) digest v-c-merchant-id\", signature=\"ueEd/EJhH1JwG7E1Oz40WuHXZYWwwDoFAEu+9yYzhd0=\""
[2023-10-20T05:38:14.608Z] [INFO] [ApiClient312204200] : "User-Agent : Mozilla/5.0"
[2023-10-20T05:38:14.608Z] [INFO] [ApiClient312204200] : "************************  LOGGING END  ************************"
