[2023-09-07T16:43:14.819Z] [INFO] [MerchantConfig308880120] : "************************ LOGGING START ************************"
[2023-09-07T16:43:14.822Z] [INFO] [ApiClient778857846] : "Authentication Type : http_signature"
[2023-09-07T16:43:14.822Z] [INFO] [ApiClient778857846] : "Request Type : POST"
[2023-09-07T16:43:14.824Z] [INFO] [ApiClient778857846] : "signatureHeader : keyid=\"90701d38-c032-4c21-8ff4-0fd847abc7a0\", algorithm=\"HmacSHA256\", headers=\"host date (request-target) digest v-c-merchant-id\", signature=\"JbwntSeA7vVKpBuXMzphtFzgW9mn9DtHSXBerI4oIfY=\""
[2023-09-07T16:43:14.825Z] [INFO] [ApiClient778857846] : "digest : SHA-256=igk6F0pNqj7T/YimC9UB43QSoddqMwjU3pnkQC5/S28="
[2023-09-07T16:43:14.825Z] [INFO] [ApiClient778857846] : "v-c-merchant-id : visanetgt_elespinero"
[2023-09-07T16:43:14.825Z] [INFO] [ApiClient778857846] : "date : Thu, 07 Sep 2023 16:43:14 GMT"
[2023-09-07T16:43:14.825Z] [INFO] [ApiClient778857846] : "host : apitest.cybersource.com"
[2023-09-07T16:43:14.825Z] [INFO] [ApiClient778857846] : "signature : keyid=\"90701d38-c032-4c21-8ff4-0fd847abc7a0\", algorithm=\"HmacSHA256\", headers=\"host date (request-target) digest v-c-merchant-id\", signature=\"JbwntSeA7vVKpBuXMzphtFzgW9mn9DtHSXBerI4oIfY=\""
[2023-09-07T16:43:14.825Z] [INFO] [ApiClient778857846] : "User-Agent : Mozilla/5.0"
[2023-09-07T16:43:14.825Z] [INFO] [ApiClient778857846] : "************************  LOGGING END  ************************"
[2023-09-07T16:43:48.007Z] [INFO] [MerchantConfig99592218] : "************************ LOGGING START ************************"
[2023-09-07T16:43:48.009Z] [INFO] [ApiClient88618946] : "Authentication Type : http_signature"
[2023-09-07T16:43:48.010Z] [INFO] [ApiClient88618946] : "Request Type : POST"
[2023-09-07T16:43:48.011Z] [INFO] [ApiClient88618946] : "signatureHeader : keyid=\"90701d38-c032-4c21-8ff4-0fd847abc7a0\", algorithm=\"HmacSHA256\", headers=\"host date (request-target) digest v-c-merchant-id\", signature=\"W5Z2uuUsYUUSczAPady1RuEABD2CT6nfQPJk3VnMGZ4=\""
[2023-09-07T16:43:48.011Z] [INFO] [ApiClient88618946] : "digest : SHA-256=igk6F0pNqj7T/YimC9UB43QSoddqMwjU3pnkQC5/S28="
[2023-09-07T16:43:48.011Z] [INFO] [ApiClient88618946] : "v-c-merchant-id : visanetgt_elespinero"
[2023-09-07T16:43:48.011Z] [INFO] [ApiClient88618946] : "date : Thu, 07 Sep 2023 16:43:48 GMT"
[2023-09-07T16:43:48.011Z] [INFO] [ApiClient88618946] : "host : apitest.cybersource.com"
[2023-09-07T16:43:48.011Z] [INFO] [ApiClient88618946] : "signature : keyid=\"90701d38-c032-4c21-8ff4-0fd847abc7a0\", algorithm=\"HmacSHA256\", headers=\"host date (request-target) digest v-c-merchant-id\", signature=\"W5Z2uuUsYUUSczAPady1RuEABD2CT6nfQPJk3VnMGZ4=\""
[2023-09-07T16:43:48.011Z] [INFO] [ApiClient88618946] : "User-Agent : Mozilla/5.0"
[2023-09-07T16:43:48.011Z] [INFO] [ApiClient88618946] : "************************  LOGGING END  ************************"
[2023-09-07T16:44:15.945Z] [INFO] [MerchantConfig719531711] : "************************ LOGGING START ************************"
[2023-09-07T16:44:15.948Z] [INFO] [ApiClient551623678] : "Authentication Type : http_signature"
[2023-09-07T16:44:15.948Z] [INFO] [ApiClient551623678] : "Request Type : POST"
[2023-09-07T16:44:15.949Z] [INFO] [ApiClient551623678] : "signatureHeader : keyid=\"90701d38-c032-4c21-8ff4-0fd847abc7a0\", algorithm=\"HmacSHA256\", headers=\"host date (request-target) digest v-c-merchant-id\", signature=\"xZfHNu0yRxhJhpmPhvvVEBiffYpZoLDu+BHPoIo+HZc=\""
[2023-09-07T16:44:15.949Z] [INFO] [ApiClient551623678] : "digest : SHA-256=igk6F0pNqj7T/YimC9UB43QSoddqMwjU3pnkQC5/S28="
[2023-09-07T16:44:15.949Z] [INFO] [ApiClient551623678] : "v-c-merchant-id : visanetgt_elespinero"
[2023-09-07T16:44:15.949Z] [INFO] [ApiClient551623678] : "date : Thu, 07 Sep 2023 16:44:15 GMT"
[2023-09-07T16:44:15.949Z] [INFO] [ApiClient551623678] : "host : apitest.cybersource.com"
[2023-09-07T16:44:15.949Z] [INFO] [ApiClient551623678] : "signature : keyid=\"90701d38-c032-4c21-8ff4-0fd847abc7a0\", algorithm=\"HmacSHA256\", headers=\"host date (request-target) digest v-c-merchant-id\", signature=\"xZfHNu0yRxhJhpmPhvvVEBiffYpZoLDu+BHPoIo+HZc=\""
[2023-09-07T16:44:15.950Z] [INFO] [ApiClient551623678] : "User-Agent : Mozilla/5.0"
[2023-09-07T16:44:15.950Z] [INFO] [ApiClient551623678] : "************************  LOGGING END  ************************"
[2023-09-07T16:44:42.425Z] [INFO] [MerchantConfig450459839] : "************************ LOGGING START ************************"
[2023-09-07T16:44:42.427Z] [INFO] [ApiClient410307222] : "Authentication Type : http_signature"
[2023-09-07T16:44:42.427Z] [INFO] [ApiClient410307222] : "Request Type : POST"
[2023-09-07T16:44:42.428Z] [INFO] [ApiClient410307222] : "signatureHeader : keyid=\"90701d38-c032-4c21-8ff4-0fd847abc7a0\", algorithm=\"HmacSHA256\", headers=\"host date (request-target) digest v-c-merchant-id\", signature=\"ih5tE4LHFGCAuwKchpkP+CKhSKf7C1ha2+N6Za2rVIg=\""
[2023-09-07T16:44:42.428Z] [INFO] [ApiClient410307222] : "digest : SHA-256=igk6F0pNqj7T/YimC9UB43QSoddqMwjU3pnkQC5/S28="
[2023-09-07T16:44:42.428Z] [INFO] [ApiClient410307222] : "v-c-merchant-id : visanetgt_elespinero"
[2023-09-07T16:44:42.428Z] [INFO] [ApiClient410307222] : "date : Thu, 07 Sep 2023 16:44:42 GMT"
[2023-09-07T16:44:42.428Z] [INFO] [ApiClient410307222] : "host : apitest.cybersource.com"
[2023-09-07T16:44:42.428Z] [INFO] [ApiClient410307222] : "signature : keyid=\"90701d38-c032-4c21-8ff4-0fd847abc7a0\", algorithm=\"HmacSHA256\", headers=\"host date (request-target) digest v-c-merchant-id\", signature=\"ih5tE4LHFGCAuwKchpkP+CKhSKf7C1ha2+N6Za2rVIg=\""
[2023-09-07T16:44:42.428Z] [INFO] [ApiClient410307222] : "User-Agent : Mozilla/5.0"
[2023-09-07T16:44:42.428Z] [INFO] [ApiClient410307222] : "************************  LOGGING END  ************************"
